0 info it worked if it ends with ok
1 verbose cli [ 'node', '/usr/local/bin/npm', 'install', '-g', 'phantomjs' ]
2 info using npm@1.4.28
3 info using node@v0.10.33
4 verbose cache add [ 'phantomjs', null ]
5 verbose cache add name=undefined spec="phantomjs" args=["phantomjs",null]
6 verbose parsed url { protocol: null,
6 verbose parsed url   slashes: null,
6 verbose parsed url   auth: null,
6 verbose parsed url   host: null,
6 verbose parsed url   port: null,
6 verbose parsed url   hostname: null,
6 verbose parsed url   hash: null,
6 verbose parsed url   search: null,
6 verbose parsed url   query: null,
6 verbose parsed url   pathname: 'phantomjs',
6 verbose parsed url   path: 'phantomjs',
6 verbose parsed url   href: 'phantomjs' }
7 silly lockFile 30d7cd7d-phantomjs phantomjs
8 verbose lock phantomjs /Users/Macsimus/.npm/30d7cd7d-phantomjs.lock
9 silly lockFile 30d7cd7d-phantomjs phantomjs
10 silly lockFile 30d7cd7d-phantomjs phantomjs
11 verbose addNamed [ 'phantomjs', '' ]
12 verbose addNamed [ null, '*' ]
13 silly lockFile 29cf7fd6-phantomjs phantomjs@
14 verbose lock phantomjs@ /Users/Macsimus/.npm/29cf7fd6-phantomjs.lock
15 silly addNameRange { name: 'phantomjs', range: '*', hasData: false }
16 verbose request where is /phantomjs
17 verbose request registry https://registry.npmjs.org/
18 verbose request id b9b891916ec4311f
19 verbose url raw /phantomjs
20 verbose url resolving [ 'https://registry.npmjs.org/', './phantomjs' ]
21 verbose url resolved https://registry.npmjs.org/phantomjs
22 verbose request where is https://registry.npmjs.org/phantomjs
23 info trying registry request attempt 1 at 16:08:26
24 verbose etag "2LNSGT60GPHGEO3B7HZ2KDFIJ"
25 http GET https://registry.npmjs.org/phantomjs
26 http 200 https://registry.npmjs.org/phantomjs
27 silly registry.get cb [ 200,
27 silly registry.get   { date: 'Wed, 08 Apr 2015 20:08:27 GMT',
27 silly registry.get     server: 'CouchDB/1.5.0 (Erlang OTP/R16B03)',
27 silly registry.get     etag: '"9B87J7OMNVWD21MRWQN04JP8A"',
27 silly registry.get     'content-type': 'application/json',
27 silly registry.get     'cache-control': 'max-age=60',
27 silly registry.get     'content-length': '94765',
27 silly registry.get     'accept-ranges': 'bytes',
27 silly registry.get     via: '1.1 varnish',
27 silly registry.get     age: '11',
27 silly registry.get     'x-served-by': 'cache-dfw1820-DFW',
27 silly registry.get     'x-cache': 'HIT',
27 silly registry.get     'x-cache-hits': '1',
27 silly registry.get     'x-timer': 'S1428523707.037757,VS0,VE0',
27 silly registry.get     vary: 'Accept',
27 silly registry.get     'keep-alive': 'timeout=10, max=50',
27 silly registry.get     connection: 'Keep-Alive' } ]
28 silly addNameRange number 2 { name: 'phantomjs', range: '*', hasData: true }
29 silly addNameRange versions [ 'phantomjs',
29 silly addNameRange   [ '0.0.1',
29 silly addNameRange     '0.0.2',
29 silly addNameRange     '0.0.3',
29 silly addNameRange     '0.0.4',
29 silly addNameRange     '0.0.5',
29 silly addNameRange     '0.0.6',
29 silly addNameRange     '0.0.7',
29 silly addNameRange     '0.0.8',
29 silly addNameRange     '0.0.9',
29 silly addNameRange     '0.1.0',
29 silly addNameRange     '0.1.1',
29 silly addNameRange     '0.2.0',
29 silly addNameRange     '0.2.1',
29 silly addNameRange     '0.2.2',
29 silly addNameRange     '0.2.3',
29 silly addNameRange     '0.2.4',
29 silly addNameRange     '0.2.5',
29 silly addNameRange     '0.2.6',
29 silly addNameRange     '1.8.0-1',
29 silly addNameRange     '1.8.1-1',
29 silly addNameRange     '1.8.1-2',
29 silly addNameRange     '1.8.1-3',
29 silly addNameRange     '1.8.2-0',
29 silly addNameRange     '1.8.2-1',
29 silly addNameRange     '1.8.2-2',
29 silly addNameRange     '1.9.0-0',
29 silly addNameRange     '1.9.0-1',
29 silly addNameRange     '1.9.0-2',
29 silly addNameRange     '1.9.0-3',
29 silly addNameRange     '1.9.0-4',
29 silly addNameRange     '1.9.0-5',
29 silly addNameRange     '1.9.0-6',
29 silly addNameRange     '1.9.1-0',
29 silly addNameRange     '1.9.1-2',
29 silly addNameRange     '1.9.1-3',
29 silly addNameRange     '1.9.1-4',
29 silly addNameRange     '1.9.1-5',
29 silly addNameRange     '1.9.1-6',
29 silly addNameRange     '1.9.1-7',
29 silly addNameRange     '1.9.1-8',
29 silly addNameRange     '1.9.1-9',
29 silly addNameRange     '1.9.2-0',
29 silly addNameRange     '1.9.2-1',
29 silly addNameRange     '1.9.2-2',
29 silly addNameRange     '1.9.2-3',
29 silly addNameRange     '1.9.2-4',
29 silly addNameRange     '1.9.2-5',
29 silly addNameRange     '1.9.2-6',
29 silly addNameRange     '1.9.6-0',
29 silly addNameRange     '1.9.7-1',
29 silly addNameRange     '1.9.7-3',
29 silly addNameRange     '1.9.7-4',
29 silly addNameRange     '1.9.7-5',
29 silly addNameRange     '1.9.7-6',
29 silly addNameRange     '1.9.7-7',
29 silly addNameRange     '1.9.7-8',
29 silly addNameRange     '1.9.7-9',
29 silly addNameRange     '1.9.7-10',
29 silly addNameRange     '1.9.7-11',
29 silly addNameRange     '1.9.7-12',
29 silly addNameRange     '1.9.7-13',
29 silly addNameRange     '1.9.7-14',
29 silly addNameRange     '1.9.7-15',
29 silly addNameRange     '1.8.2-3',
29 silly addNameRange     '1.9.8',
29 silly addNameRange     '1.9.9',
29 silly addNameRange     '1.9.10',
29 silly addNameRange     '1.9.11',
29 silly addNameRange     '1.9.12',
29 silly addNameRange     '1.9.13',
29 silly addNameRange     '1.9.15',
29 silly addNameRange     '1.9.16' ] ]
30 verbose addNamed [ 'phantomjs', '1.9.16' ]
31 verbose addNamed [ '1.9.16', '1.9.16' ]
32 silly lockFile ff1a0094-phantomjs-1-9-16 phantomjs@1.9.16
33 verbose lock phantomjs@1.9.16 /Users/Macsimus/.npm/ff1a0094-phantomjs-1-9-16.lock
34 silly lockFile ff1a0094-phantomjs-1-9-16 phantomjs@1.9.16
35 silly lockFile ff1a0094-phantomjs-1-9-16 phantomjs@1.9.16
36 silly lockFile 29cf7fd6-phantomjs phantomjs@
37 silly lockFile 29cf7fd6-phantomjs phantomjs@
38 silly resolved [ { name: 'phantomjs',
38 silly resolved     version: '1.9.16',
38 silly resolved     keywords: [ 'phantomjs', 'headless', 'webkit' ],
38 silly resolved     description: 'Headless WebKit with JS API',
38 silly resolved     homepage: 'https://github.com/Medium/phantomjs',
38 silly resolved     repository: { type: 'git', url: 'git://github.com/Medium/phantomjs.git' },
38 silly resolved     licenses: [ [Object] ],
38 silly resolved     author:
38 silly resolved      { name: 'Dan Pupius',
38 silly resolved        email: 'dan@obvious.com',
38 silly resolved        url: 'http://pupius.co.uk' },
38 silly resolved     maintainers: [ [Object], [Object], [Object] ],
38 silly resolved     main: 'lib/phantomjs',
38 silly resolved     bin: { phantomjs: './bin/phantomjs' },
38 silly resolved     scripts:
38 silly resolved      { install: 'node install.js',
38 silly resolved        test: 'nodeunit --reporter=minimal test/tests.js' },
38 silly resolved     dependencies:
38 silly resolved      { 'adm-zip': '0.4.4',
38 silly resolved        'fs-extra': '~0.16.0',
38 silly resolved        kew: '0.4.0',
38 silly resolved        npmconf: '2.1.1',
38 silly resolved        progress: '1.1.8',
38 silly resolved        request: '2.42.0',
38 silly resolved        'request-progress': '0.3.1',
38 silly resolved        which: '~1.0.5' },
38 silly resolved     devDependencies: { nodeunit: '0.9.0' },
38 silly resolved     gitHead: '71b26b9c64679976528b7c86dac1b480f8986e2b',
38 silly resolved     bugs: { url: 'https://github.com/Medium/phantomjs/issues' },
38 silly resolved     _id: 'phantomjs@1.9.16',
38 silly resolved     _shasum: '989256190c00f987fc96b7067bdb5cd2e420bac9',
38 silly resolved     _from: 'phantomjs@',
38 silly resolved     _npmVersion: '2.5.1',
38 silly resolved     _nodeVersion: '0.12.0',
38 silly resolved     _npmUser: { name: 'nicks', email: 'nicholas.j.santos@gmail.com' },
38 silly resolved     dist:
38 silly resolved      { shasum: '989256190c00f987fc96b7067bdb5cd2e420bac9',
38 silly resolved        tarball: 'http://registry.npmjs.org/phantomjs/-/phantomjs-1.9.16.tgz' },
38 silly resolved     directories: {},
38 silly resolved     _resolved: 'https://registry.npmjs.org/phantomjs/-/phantomjs-1.9.16.tgz',
38 silly resolved     readme: 'ERROR: No README data found!' } ]
39 info install phantomjs@1.9.16 into /usr/local/lib
40 info installOne phantomjs@1.9.16
41 verbose lib/node_modules/phantomjs unbuild
42 verbose tar unpack /Users/Macsimus/.npm/phantomjs/1.9.16/package.tgz
43 silly lockFile 4d5acaea-local-lib-node-modules-phantomjs tar:///usr/local/lib/node_modules/phantomjs
44 verbose lock tar:///usr/local/lib/node_modules/phantomjs /Users/Macsimus/.npm/4d5acaea-local-lib-node-modules-phantomjs.lock
45 silly lockFile 0934e2f7-npm-phantomjs-1-9-16-package-tgz tar:///Users/Macsimus/.npm/phantomjs/1.9.16/package.tgz
46 verbose lock tar:///Users/Macsimus/.npm/phantomjs/1.9.16/package.tgz /Users/Macsimus/.npm/0934e2f7-npm-phantomjs-1-9-16-package-tgz.lock
47 silly gunzTarPerm modes [ '755', '644' ]
48 error Error: EACCES, mkdir '/usr/local/lib/node_modules/phantomjs'
48 error  { [Error: EACCES, mkdir '/usr/local/lib/node_modules/phantomjs']
48 error   errno: 3,
48 error   code: 'EACCES',
48 error   path: '/usr/local/lib/node_modules/phantomjs',
48 error   fstream_type: 'Directory',
48 error   fstream_path: '/usr/local/lib/node_modules/phantomjs',
48 error   fstream_class: 'DirWriter',
48 error   fstream_stack:
48 error    [ '/usr/local/lib/node_modules/npm/node_modules/fstream/lib/dir-writer.js:36:23',
48 error      '/usr/local/lib/node_modules/npm/node_modules/mkdirp/index.js:46:53',
48 error      'Object.oncomplete (fs.js:107:15)' ] }
49 error Please try running this command again as root/Administrator.
50 error System Darwin 14.1.0
51 error command "node" "/usr/local/bin/npm" "install" "-g" "phantomjs"
52 error cwd /Users/Macsimus/TodoMVC/todomvc-app-template
53 error node -v v0.10.33
54 error npm -v 1.4.28
55 error path /usr/local/lib/node_modules/phantomjs
56 error fstream_path /usr/local/lib/node_modules/phantomjs
57 error fstream_type Directory
58 error fstream_class DirWriter
59 error code EACCES
60 error errno 3
61 error stack Error: EACCES, mkdir '/usr/local/lib/node_modules/phantomjs'
62 error fstream_stack /usr/local/lib/node_modules/npm/node_modules/fstream/lib/dir-writer.js:36:23
62 error fstream_stack /usr/local/lib/node_modules/npm/node_modules/mkdirp/index.js:46:53
62 error fstream_stack Object.oncomplete (fs.js:107:15)
63 verbose exit [ 3, true ]
